<?xml version="1.0" encoding="UTF-8"?>
<beans xmlns="http://www.springframework.org/schema/beans"
	xmlns:xsi="http://www.w3.org/2001/XMLSchema-instance" xmlns:util="http://www.springframework.org/schema/util"
	xsi:schemaLocation="http://www.springframework.org/schema/beans http://www.springframework.org/schema/beans/spring-beans-2.0.xsd
	http://www.springframework.org/schema/util http://www.springframework.org/schema/util/spring-util-2.0.xsd"
	xmlns:p="http://www.springframework.org/schema/p">


	<bean id="placeholderProperties"
		class="org.springframework.beans.factory.config.PropertyPlaceholderConfigurer">
		<property name="locations">
			<list>
				<value>classpath:/local_db.properties</value>
			</list>
		</property>
		<property name="ignoreUnresolvablePlaceholders" value="true" />
		<property name="order" value="1" />
	</bean>

	<bean id="dataSource" class="org.apache.tomcat.dbcp.dbcp.BasicDataSource"
		destroy-method="close">
		<property name="driverClassName" value="${jdbc.driver}" />
		<property name="url" value="${jdbc.url}" />
		<property name="username" value="${jdbc.user}" />
		<property name="password" value="${jdbc.password}" />
		<property name="maxActive" value="${jdbc.pool.size}" />
	</bean>

	<bean id="db2NamedParameterJdbcTemplate"
		class="org.springframework.jdbc.core.namedparam.NamedParameterJdbcTemplate">
		<constructor-arg type="javax.sql.DataSource" ref="dataSource" />
	</bean>

	<bean id="jdbcTemplate" class="org.springframework.jdbc.core.JdbcTemplate">
		<constructor-arg type="javax.sql.DataSource" ref="dataSource" />
	</bean>

	<bean id="derbyNamedParameterJdbcTemplate"
		class="org.springframework.jdbc.core.namedparam.NamedParameterJdbcTemplate">
		<constructor-arg type="javax.sql.DataSource" ref="dataSource" />
	</bean>

	<bean id="referralDao" class="com.iso.claimsearch.casemanager.dao.ReferralDao">
		<property name="db2NamedParameterJdbcTemplate" ref="db2NamedParameterJdbcTemplate" />
	</bean>


</beans>